Merging plugins...
Copying object to master: CLOT md24_c_ratcatcher
Copying object to master: ACTI md24_actRealmWelcome
Copying object to master: SCPT md24_bkScript
Copying object to master: SCPT md24_actRealmScript
Merging object to master: NPC_ md24_delphiara
Copying object to master: CELL ToddTest
Copying object to master: SCPT md24_danceStopScript
Copying object to master: SCPT md24_delphiaraScript
Copying object to master: ENCH md24_e_ratcatcher
Copying object to master: SCPT md24_convoDelphiara
Copying object to master: CELL Pelagiad, Murberius Harmevus' House
Copying object to master: SCPT md24_delphRatsScript
Copying object to master: MISC md24_misc_packagedRat
Copying object to master: SCPT md24_danceStartScript
Copying object to master: SCPT md24_convoCleanup
Copying object to master: CREA md24_delphiaraRat
Merging object to master: SCPT md24_globDiseaseScript
Merging object to master: SCPT md24_ParadoxScale_s
Merging object to master: SCPT md24_prupiusScript
Copying object to master: md24_j_rockjoint
Copying object to master: little secret
Merging object to master: prupius danulus
Merging object to master: delphiara
Merging object to master: macaristic chorea
Copying object to master: five diseased rats
Merging object to master: md24_j_delphiara
Copying object to master: little advice
Copying object to master: rockjoint
Copying object to master: md24_j_rats
Merging object to master: md24_j_disease
Copying object to master: two minor tasks
Copying object to master: mages guild
Copying object to master: background
Copying object to master: latest rumors
Merging object to master: greeting 0
Copying object to master: my trade
Creating backup...
Saving results...
Finished!
